{"/home/runner/work/EDC_B3/EDC_B3/frontend/src/app/app.html": {"path":"/home/runner/work/EDC_B3/EDC_B3/frontend/src/app/app.html","statementMap":{"0":{"start":{"line":1,"column":0},"end":{"line":2,"column":null}},"1":{"start":{"line":3,"column":6},"end":{"line":3,"column":14}},"2":{"start":{"line":3,"column":14},"end":{"line":3,"column":null}},"3":{"start":{"line":4,"column":2},"end":{"line":4,"column":null}},"4":{"start":{"line":5,"column":1},"end":{"line":5,"column":null}},"5":{"start":{"line":8,"column":0},"end":{"line":8,"column":null}}},"fnMap":{},"branchMap":{},"s":{"0":0,"1":0,"2":0,"3":0,"4":0,"5":0},"f":{},"b":{},"meta":{"lastBranch":0,"lastFunction":0,"lastStatement":6,"seen":{"s:1:0:2:Infinity":0,"s:3:6:3:14":1,"s:3:14:3:Infinity":2,"s:4:2:4:Infinity":3,"s:5:1:5:Infinity":4,"s:8:0:8:Infinity":5},"fnNames":{}}}
,"/home/runner/work/EDC_B3/EDC_B3/frontend/src/app/app.ts": {"path":"/home/runner/work/EDC_B3/EDC_B3/frontend/src/app/app.ts","statementMap":{"0":{"start":{"line":13,"column":6},"end":{"line":9,"column":88}},"1":{"start":{"line":13,"column":13},"end":{"line":9,"column":88}},"2":{"start":{"line":13,"column":13},"end":{"line":13,"column":null}},"3":{"start":{"line":13,"column":16},"end":{"line":8,"column":null}},"4":{"start":{"line":13,"column":13},"end":{"line":9,"column":null}}},"fnMap":{"0":{"name":"template","decl":{"start":{"line":13,"column":16},"end":{"line":13,"column":null}},"loc":{"start":{"line":13,"column":16},"end":{"line":9,"column":39}},"line":13}},"branchMap":{"0":{"loc":{"start":{"line":13,"column":13},"end":{"line":13,"column":16}},"type":"binary-expr","locations":[{"start":{"line":13,"column":13},"end":{"line":13,"column":16}},{"start":{"line":13,"column":13},"end":{"line":13,"column":16}}],"line":13},"1":{"loc":{"start":{"line":13,"column":16},"end":{"line":8,"column":null}},"type":"if","locations":[{"start":{"line":13,"column":16},"end":{"line":8,"column":null}},{"start":{},"end":{}}],"line":13},"2":{"loc":{"start":{"line":13,"column":13},"end":{"line":9,"column":null}},"type":"binary-expr","locations":[{"start":{"line":13,"column":13},"end":{"line":13,"column":16}},{"start":{"line":13,"column":13},"end":{"line":13,"column":16}},{"start":{"line":13,"column":13},"end":{"line":9,"column":null}}],"line":13},"3":{"loc":{"start":{"line":13,"column":13},"end":{"line":13,"column":null}},"type":"binary-expr","locations":[{"start":{"line":13,"column":13},"end":{"line":13,"column":16}},{"start":{"line":13,"column":13},"end":{"line":13,"column":16}},{"start":{"line":13,"column":13},"end":{"line":13,"column":null}}],"line":13}},"s":{"0":1,"1":1,"2":1,"3":0,"4":1},"f":{"0":1},"b":{"0":[0,0],"1":[0,0],"2":[1,1,1],"3":[1,1,1]},"meta":{"lastBranch":4,"lastFunction":1,"lastStatement":5,"seen":{"s:13:6:9:88":0,"s:13:13:9:88":1,"s:13:13:13:Infinity":2,"b:13:13:13:16:13:13:13:16":0,"f:13:16:13:Infinity":0,"b:13:16:8:Infinity:undefined:undefined:undefined:undefined":1,"s:13:16:8:Infinity":3,"s:13:13:9:Infinity":4,"b:13:13:13:16:13:13:13:16:13:13:9:Infinity":2,"b:13:13:13:16:13:13:13:16:13:13:13:Infinity":3},"fnNames":{}}}
,"/home/runner/work/EDC_B3/EDC_B3/frontend/src/app/components/appointment-management/appointment-management.component.html": {"path":"/home/runner/work/EDC_B3/EDC_B3/frontend/src/app/components/appointment-management/appointment-management.component.html","statementMap":{"0":{"start":{"line":15,"column":12},"end":{"line":15,"column":39}},"1":{"start":{"line":16,"column":14},"end":{"line":16,"column":null}},"2":{"start":{"line":17,"column":12},"end":{"line":17,"column":null}},"3":{"start":{"line":15,"column":51},"end":{"line":15,"column":null}},"4":{"start":{"line":41,"column":6},"end":{"line":41,"column":10}},"5":{"start":{"line":41,"column":53},"end":{"line":41,"column":71}},"6":{"start":{"line":41,"column":71},"end":{"line":41,"column":null}},"7":{"start":{"line":56,"column":14},"end":{"line":56,"column":41}},"8":{"start":{"line":56,"column":76},"end":{"line":56,"column":88}},"9":{"start":{"line":56,"column":88},"end":{"line":56,"column":null}},"10":{"start":{"line":56,"column":59},"end":{"line":56,"column":76}},"11":{"start":{"line":63,"column":14},"end":{"line":63,"column":41}},"12":{"start":{"line":63,"column":73},"end":{"line":63,"column":89}},"13":{"start":{"line":63,"column":89},"end":{"line":63,"column":null}},"14":{"start":{"line":63,"column":53},"end":{"line":63,"column":73}},"15":{"start":{"line":72,"column":6},"end":{"line":72,"column":12}},"16":{"start":{"line":72,"column":51},"end":{"line":72,"column":73}},"17":{"start":{"line":72,"column":73},"end":{"line":72,"column":null}},"18":{"start":{"line":73,"column":6},"end":{"line":73,"column":12}},"19":{"start":{"line":74,"column":8},"end":{"line":74,"column":null}},"20":{"start":{"line":75,"column":6},"end":{"line":75,"column":null}},"21":{"start":{"line":84,"column":10},"end":{"line":84,"column":null}},"22":{"start":{"line":85,"column":44},"end":{"line":85,"column":93}},"23":{"start":{"line":85,"column":44},"end":{"line":85,"column":53}},"24":{"start":{"line":85,"column":93},"end":{"line":85,"column":99}},"25":{"start":{"line":85,"column":99},"end":{"line":85,"column":null}},"26":{"start":{"line":86,"column":12},"end":{"line":86,"column":43}},"27":{"start":{"line":86,"column":43},"end":{"line":86,"column":92}},"28":{"start":{"line":86,"column":43},"end":{"line":86,"column":52}},"29":{"start":{"line":86,"column":92},"end":{"line":86,"column":98}},"30":{"start":{"line":86,"column":98},"end":{"line":86,"column":null}},"31":{"start":{"line":77,"column":8},"end":{"line":78,"column":null}},"32":{"start":{"line":79,"column":38},"end":{"line":79,"column":79}},"33":{"start":{"line":79,"column":79},"end":{"line":79,"column":null}},"34":{"start":{"line":80,"column":12},"end":{"line":80,"column":46}},"35":{"start":{"line":80,"column":46},"end":{"line":80,"column":71}},"36":{"start":{"line":80,"column":71},"end":{"line":80,"column":null}},"37":{"start":{"line":81,"column":12},"end":{"line":81,"column":47}},"38":{"start":{"line":81,"column":47},"end":{"line":81,"column":105}},"39":{"start":{"line":81,"column":105},"end":{"line":81,"column":null}},"40":{"start":{"line":82,"column":12},"end":{"line":82,"column":45}},"41":{"start":{"line":82,"column":102},"end":{"line":82,"column":126}},"42":{"start":{"line":82,"column":126},"end":{"line":82,"column":null}},"43":{"start":{"line":84,"column":10},"end":{"line":84,"column":44}},"44":{"start":{"line":88,"column":8},"end":{"line":88,"column":null}},"45":{"start":{"line":82,"column":45},"end":{"line":82,"column":102}},"46":{"start":{"line":84,"column":44},"end":{"line":84,"column":85}},"47":{"start":{"line":76,"column":6},"end":{"line":76,"column":11}},"48":{"start":{"line":77,"column":8},"end":{"line":77,"column":36}},"49":{"start":{"line":89,"column":6},"end":{"line":89,"column":null}},"50":{"start":{"line":77,"column":36},"end":{"line":77,"column":78}},"51":{"start":{"line":1,"column":0},"end":{"line":2,"column":null}},"52":{"start":{"line":3,"column":8},"end":{"line":3,"column":31}},"53":{"start":{"line":3,"column":31},"end":{"line":3,"column":null}},"54":{"start":{"line":4,"column":4},"end":{"line":4,"column":7}},"55":{"start":{"line":4,"column":7},"end":{"line":4,"column":58}},"56":{"start":{"line":4,"column":58},"end":{"line":4,"column":null}},"57":{"start":{"line":7,"column":2},"end":{"line":8,"column":null}},"58":{"start":{"line":9,"column":10},"end":{"line":9,"column":34}},"59":{"start":{"line":9,"column":34},"end":{"line":9,"column":null}},"60":{"start":{"line":10,"column":6},"end":{"line":10,"column":12}},"61":{"start":{"line":10,"column":12},"end":{"line":10,"column":null}},"62":{"start":{"line":10,"column":12},"end":{"line":10,"column":36}},"63":{"start":{"line":11,"column":8},"end":{"line":11,"column":null}},"64":{"start":{"line":12,"column":30},"end":{"line":12,"column":36}},"65":{"start":{"line":12,"column":36},"end":{"line":12,"column":null}},"66":{"start":{"line":13,"column":10},"end":{"line":13,"column":44}},"67":{"start":{"line":13,"column":44},"end":{"line":13,"column":null}},"68":{"start":{"line":14,"column":12},"end":{"line":14,"column":38}},"69":{"start":{"line":14,"column":38},"end":{"line":14,"column":60}},"70":{"start":{"line":14,"column":60},"end":{"line":14,"column":null}},"71":{"start":{"line":18,"column":10},"end":{"line":18,"column":null}},"72":{"start":{"line":19,"column":8},"end":{"line":19,"column":null}},"73":{"start":{"line":21,"column":8},"end":{"line":21,"column":null}},"74":{"start":{"line":22,"column":28},"end":{"line":22,"column":32}},"75":{"start":{"line":22,"column":32},"end":{"line":22,"column":null}},"76":{"start":{"line":23,"column":10},"end":{"line":23,"column":51}},"77":{"start":{"line":23,"column":51},"end":{"line":23,"column":null}},"78":{"start":{"line":24,"column":8},"end":{"line":24,"column":null}},"79":{"start":{"line":26,"column":8},"end":{"line":26,"column":null}},"80":{"start":{"line":27,"column":28},"end":{"line":27,"column":33}},"81":{"start":{"line":27,"column":33},"end":{"line":27,"column":null}},"82":{"start":{"line":28,"column":10},"end":{"line":28,"column":51}},"83":{"start":{"line":28,"column":51},"end":{"line":28,"column":null}},"84":{"start":{"line":29,"column":8},"end":{"line":29,"column":null}},"85":{"start":{"line":31,"column":8},"end":{"line":31,"column":null}},"86":{"start":{"line":32,"column":31},"end":{"line":32,"column":38}},"87":{"start":{"line":32,"column":38},"end":{"line":32,"column":null}},"88":{"start":{"line":33,"column":10},"end":{"line":33,"column":92}},"89":{"start":{"line":33,"column":92},"end":{"line":33,"column":null}},"90":{"start":{"line":34,"column":8},"end":{"line":34,"column":null}},"91":{"start":{"line":36,"column":8},"end":{"line":36,"column":null}},"92":{"start":{"line":37,"column":97},"end":{"line":37,"column":106}},"93":{"start":{"line":37,"column":106},"end":{"line":37,"column":null}},"94":{"start":{"line":38,"column":10},"end":{"line":38,"column":58}},"95":{"start":{"line":38,"column":58},"end":{"line":38,"column":80}},"96":{"start":{"line":38,"column":58},"end":{"line":38,"column":78}},"97":{"start":{"line":38,"column":80},"end":{"line":38,"column":93}},"98":{"start":{"line":38,"column":93},"end":{"line":39,"column":null}},"99":{"start":{"line":42,"column":4},"end":{"line":42,"column":null}},"100":{"start":{"line":44,"column":4},"end":{"line":44,"column":null}},"101":{"start":{"line":45,"column":10},"end":{"line":45,"column":29}},"102":{"start":{"line":45,"column":29},"end":{"line":45,"column":null}},"103":{"start":{"line":46,"column":6},"end":{"line":48,"column":null}},"104":{"start":{"line":49,"column":37},"end":{"line":49,"column":41}},"105":{"start":{"line":49,"column":41},"end":{"line":49,"column":null}},"106":{"start":{"line":50,"column":12},"end":{"line":50,"column":66}},"107":{"start":{"line":50,"column":66},"end":{"line":50,"column":null}},"108":{"start":{"line":51,"column":10},"end":{"line":51,"column":null}},"109":{"start":{"line":52,"column":10},"end":{"line":52,"column":null}},"110":{"start":{"line":53,"column":39},"end":{"line":53,"column":45}},"111":{"start":{"line":53,"column":45},"end":{"line":53,"column":null}},"112":{"start":{"line":54,"column":12},"end":{"line":54,"column":59}},"113":{"start":{"line":54,"column":59},"end":{"line":54,"column":null}},"114":{"start":{"line":55,"column":14},"end":{"line":55,"column":31}},"115":{"start":{"line":55,"column":31},"end":{"line":55,"column":47}},"116":{"start":{"line":55,"column":47},"end":{"line":55,"column":null}},"117":{"start":{"line":57,"column":12},"end":{"line":57,"column":null}},"118":{"start":{"line":58,"column":10},"end":{"line":58,"column":null}},"119":{"start":{"line":59,"column":10},"end":{"line":59,"column":null}},"120":{"start":{"line":60,"column":39},"end":{"line":60,"column":45}},"121":{"start":{"line":60,"column":45},"end":{"line":60,"column":null}},"122":{"start":{"line":61,"column":12},"end":{"line":61,"column":59}},"123":{"start":{"line":61,"column":59},"end":{"line":61,"column":null}},"124":{"start":{"line":62,"column":14},"end":{"line":62,"column":31}},"125":{"start":{"line":62,"column":31},"end":{"line":62,"column":47}},"126":{"start":{"line":62,"column":47},"end":{"line":62,"column":null}},"127":{"start":{"line":64,"column":12},"end":{"line":64,"column":null}},"128":{"start":{"line":65,"column":10},"end":{"line":65,"column":null}},"129":{"start":{"line":67,"column":8},"end":{"line":67,"column":null}},"130":{"start":{"line":68,"column":56},"end":{"line":68,"column":81}},"131":{"start":{"line":68,"column":56},"end":{"line":68,"column":79}},"132":{"start":{"line":68,"column":81},"end":{"line":68,"column":88}},"133":{"start":{"line":68,"column":88},"end":{"line":68,"column":null}},"134":{"start":{"line":69,"column":10},"end":{"line":69,"column":58}},"135":{"start":{"line":69,"column":58},"end":{"line":69,"column":83}},"136":{"start":{"line":69,"column":58},"end":{"line":69,"column":81}},"137":{"start":{"line":69,"column":83},"end":{"line":69,"column":102}},"138":{"start":{"line":69,"column":102},"end":{"line":70,"column":null}},"139":{"start":{"line":72,"column":6},"end":{"line":73,"column":null}},"140":{"start":{"line":90,"column":4},"end":{"line":91,"column":null}},"141":{"start":{"line":15,"column":39},"end":{"line":15,"column":51}},"142":{"start":{"line":37,"column":56},"end":{"line":37,"column":97}},"143":{"start":{"line":41,"column":10},"end":{"line":41,"column":53}},"144":{"start":{"line":56,"column":41},"end":{"line":56,"column":59}},"145":{"start":{"line":63,"column":41},"end":{"line":63,"column":53}},"146":{"start":{"line":72,"column":12},"end":{"line":72,"column":51}},"147":{"start":{"line":73,"column":12},"end":{"line":73,"column":81}},"148":{"start":{"line":76,"column":11},"end":{"line":76,"column":null}}},"fnMap":{"0":{"name":"AppointmentManagementComponent_ul_67_li_1_div_11_Template_button_click_1_listener","decl":{"start":{"line":85,"column":44},"end":{"line":85,"column":53}},"loc":{"start":{"line":85,"column":44},"end":{"line":85,"column":93}},"line":85},"1":{"name":"AppointmentManagementComponent_ul_67_li_1_div_11_Template_button_click_3_listener","decl":{"start":{"line":86,"column":43},"end":{"line":86,"column":52}},"loc":{"start":{"line":86,"column":43},"end":{"line":86,"column":92}},"line":86},"2":{"name":"AppointmentManagementComponent_Template_form_ngSubmit_10_listener","decl":{"start":{"line":10,"column":12},"end":{"line":10,"column":24}},"loc":{"start":{"line":10,"column":12},"end":{"line":10,"column":null}},"line":10},"3":{"name":"AppointmentManagementComponent_Template_select_ngModelChange_15_listener","decl":{"start":{"line":13,"column":44},"end":{"line":13,"column":null}},"loc":{"start":{"line":13,"column":44},"end":{"line":13,"column":null}},"line":13},"4":{"name":"AppointmentManagementComponent_Template_input_ngModelChange_22_listener","decl":{"start":{"line":23,"column":51},"end":{"line":23,"column":null}},"loc":{"start":{"line":23,"column":51},"end":{"line":23,"column":null}},"line":23},"5":{"name":"AppointmentManagementComponent_Template_input_ngModelChange_26_listener","decl":{"start":{"line":28,"column":51},"end":{"line":28,"column":null}},"loc":{"start":{"line":28,"column":51},"end":{"line":28,"column":null}},"line":28},"6":{"name":"AppointmentManagementComponent_Template_input_ngModelChange_30_listener","decl":{"start":{"line":33,"column":92},"end":{"line":33,"column":null}},"loc":{"start":{"line":33,"column":92},"end":{"line":33,"column":null}},"line":33},"7":{"name":"AppointmentManagementComponent_Template_button_click_34_listener","decl":{"start":{"line":38,"column":58},"end":{"line":38,"column":67}},"loc":{"start":{"line":38,"column":58},"end":{"line":38,"column":80}},"line":38},"8":{"name":"AppointmentManagementComponent_Template_input_ngModelChange_45_listener","decl":{"start":{"line":50,"column":66},"end":{"line":50,"column":null}},"loc":{"start":{"line":50,"column":66},"end":{"line":50,"column":null}},"line":50},"9":{"name":"AppointmentManagementComponent_Template_select_ngModelChange_49_listener","decl":{"start":{"line":54,"column":59},"end":{"line":54,"column":null}},"loc":{"start":{"line":54,"column":59},"end":{"line":54,"column":null}},"line":54},"10":{"name":"AppointmentManagementComponent_Template_select_ngModelChange_56_listener","decl":{"start":{"line":61,"column":59},"end":{"line":61,"column":null}},"loc":{"start":{"line":61,"column":59},"end":{"line":61,"column":null}},"line":61},"11":{"name":"AppointmentManagementComponent_Template_button_click_61_listener","decl":{"start":{"line":68,"column":56},"end":{"line":68,"column":65}},"loc":{"start":{"line":68,"column":56},"end":{"line":68,"column":81}},"line":68},"12":{"name":"AppointmentManagementComponent_Template_button_click_63_listener","decl":{"start":{"line":69,"column":58},"end":{"line":69,"column":67}},"loc":{"start":{"line":69,"column":58},"end":{"line":69,"column":83}},"line":69}},"branchMap":{"0":{"loc":{"start":{"line":13,"column":44},"end":{"line":13,"column":null}},"type":"binary-expr","locations":[{"start":{"line":13,"column":44},"end":{"line":13,"column":null}},{"start":{"line":13,"column":44},"end":{"line":13,"column":null}}],"line":13},"1":{"loc":{"start":{"line":23,"column":51},"end":{"line":23,"column":null}},"type":"binary-expr","locations":[{"start":{"line":23,"column":51},"end":{"line":23,"column":null}},{"start":{"line":23,"column":51},"end":{"line":23,"column":null}}],"line":23},"2":{"loc":{"start":{"line":28,"column":51},"end":{"line":28,"column":null}},"type":"binary-expr","locations":[{"start":{"line":28,"column":51},"end":{"line":28,"column":null}},{"start":{"line":28,"column":51},"end":{"line":28,"column":null}}],"line":28},"3":{"loc":{"start":{"line":33,"column":92},"end":{"line":33,"column":null}},"type":"binary-expr","locations":[{"start":{"line":33,"column":92},"end":{"line":33,"column":null}},{"start":{"line":33,"column":92},"end":{"line":33,"column":null}}],"line":33},"4":{"loc":{"start":{"line":50,"column":66},"end":{"line":50,"column":null}},"type":"binary-expr","locations":[{"start":{"line":50,"column":66},"end":{"line":50,"column":null}},{"start":{"line":50,"column":66},"end":{"line":50,"column":null}}],"line":50},"5":{"loc":{"start":{"line":54,"column":59},"end":{"line":54,"column":null}},"type":"binary-expr","locations":[{"start":{"line":54,"column":59},"end":{"line":54,"column":null}},{"start":{"line":54,"column":59},"end":{"line":54,"column":null}}],"line":54},"6":{"loc":{"start":{"line":61,"column":59},"end":{"line":61,"column":null}},"type":"binary-expr","locations":[{"start":{"line":61,"column":59},"end":{"line":61,"column":null}},{"start":{"line":61,"column":59},"end":{"line":61,"column":null}}],"line":61},"7":{"loc":{"start":{"line":73,"column":12},"end":{"line":73,"column":81}},"type":"binary-expr","locations":[{"start":{"line":73,"column":12},"end":{"line":73,"column":81}},{"start":{"line":73,"column":12},"end":{"line":73,"column":81}}],"line":73},"8":{"loc":{"start":{"line":76,"column":11},"end":{"line":76,"column":null}},"type":"binary-expr","locations":[{"start":{"line":76,"column":11},"end":{"line":76,"column":null}},{"start":{"line":76,"column":11},"end":{"line":76,"column":null}}],"line":76}},"s":{"0":7,"1":23,"2":7,"3":23,"4":7,"5":0,"6":0,"7":7,"8":69,"9":21,"10":69,"11":7,"12":23,"13":7,"14":23,"15":7,"16":7,"17":7,"18":7,"19":7,"20":7,"21":0,"22":0,"23":0,"24":0,"25":0,"26":0,"27":0,"28":0,"29":0,"30":0,"31":0,"32":0,"33":0,"34":0,"35":0,"36":0,"37":0,"38":0,"39":0,"40":0,"41":0,"42":0,"43":0,"44":0,"45":0,"46":0,"47":0,"48":0,"49":0,"50":0,"51":7,"52":7,"53":7,"54":7,"55":7,"56":7,"57":7,"58":7,"59":7,"60":7,"61":7,"62":0,"63":7,"64":7,"65":7,"66":7,"67":23,"68":7,"69":7,"70":7,"71":7,"72":7,"73":7,"74":7,"75":7,"76":7,"77":23,"78":7,"79":7,"80":7,"81":7,"82":7,"83":23,"84":7,"85":7,"86":7,"87":7,"88":7,"89":23,"90":7,"91":7,"92":7,"93":7,"94":7,"95":7,"96":0,"97":7,"98":7,"99":7,"100":7,"101":7,"102":7,"103":7,"104":7,"105":7,"106":7,"107":23,"108":7,"109":7,"110":7,"111":7,"112":7,"113":23,"114":7,"115":7,"116":7,"117":7,"118":7,"119":7,"120":7,"121":7,"122":7,"123":23,"124":7,"125":7,"126":7,"127":7,"128":7,"129":7,"130":7,"131":0,"132":7,"133":7,"134":7,"135":7,"136":0,"137":7,"138":7,"139":7,"140":7,"141":23,"142":23,"143":23,"144":23,"145":23,"146":23,"147":23,"148":23},"f":{"0":0,"1":0,"2":0,"3":0,"4":0,"5":0,"6":0,"7":0,"8":0,"9":0,"10":0,"11":0,"12":0},"b":{"0":[0,0],"1":[0,0],"2":[0,0],"3":[0,0],"4":[0,0],"5":[0,0],"6":[0,0],"7":[23,16],"8":[23,16]},"meta":{"lastBranch":9,"lastFunction":13,"lastStatement":149,"seen":{"s:15:12:15:39":0,"s:16:14:16:Infinity":1,"s:17:12:17:Infinity":2,"s:15:51:15:Infinity":3,"s:41:6:41:10":4,"s:41:53:41:71":5,"s:41:71:41:Infinity":6,"s:56:14:56:41":7,"s:56:76:56:88":8,"s:56:88:56:Infinity":9,"s:56:59:56:76":10,"s:63:14:63:41":11,"s:63:73:63:89":12,"s:63:89:63:Infinity":13,"s:63:53:63:73":14,"s:72:6:72:12":15,"s:72:51:72:73":16,"s:72:73:72:Infinity":17,"s:73:6:73:12":18,"s:74:8:74:Infinity":19,"s:75:6:75:Infinity":20,"s:84:10:84:Infinity":21,"s:85:44:85:93":22,"f:85:44:85:53":0,"s:85:44:85:53":23,"s:85:93:85:99":24,"s:85:99:85:Infinity":25,"s:86:12:86:43":26,"s:86:43:86:92":27,"f:86:43:86:52":1,"s:86:43:86:52":28,"s:86:92:86:98":29,"s:86:98:86:Infinity":30,"s:77:8:78:Infinity":31,"s:79:38:79:79":32,"s:79:79:79:Infinity":33,"s:80:12:80:46":34,"s:80:46:80:71":35,"s:80:71:80:Infinity":36,"s:81:12:81:47":37,"s:81:47:81:105":38,"s:81:105:81:Infinity":39,"s:82:12:82:45":40,"s:82:102:82:126":41,"s:82:126:82:Infinity":42,"s:84:10:84:44":43,"s:88:8:88:Infinity":44,"s:82:45:82:102":45,"s:84:44:84:85":46,"s:76:6:76:11":47,"s:77:8:77:36":48,"s:89:6:89:Infinity":49,"s:77:36:77:78":50,"s:1:0:2:Infinity":51,"s:3:8:3:31":52,"s:3:31:3:Infinity":53,"s:4:4:4:7":54,"s:4:7:4:58":55,"s:4:58:4:Infinity":56,"s:7:2:8:Infinity":57,"s:9:10:9:34":58,"s:9:34:9:Infinity":59,"s:10:6:10:12":60,"s:10:12:10:Infinity":61,"f:10:12:10:24":2,"s:10:12:10:36":62,"s:11:8:11:Infinity":63,"s:12:30:12:36":64,"s:12:36:12:Infinity":65,"s:13:10:13:44":66,"s:13:44:13:Infinity":67,"f:13:44:13:Infinity":3,"b:13:44:13:Infinity:13:44:13:Infinity":0,"s:14:12:14:38":68,"s:14:38:14:60":69,"s:14:60:14:Infinity":70,"s:18:10:18:Infinity":71,"s:19:8:19:Infinity":72,"s:21:8:21:Infinity":73,"s:22:28:22:32":74,"s:22:32:22:Infinity":75,"s:23:10:23:51":76,"s:23:51:23:Infinity":77,"f:23:51:23:Infinity":4,"b:23:51:23:Infinity:23:51:23:Infinity":1,"s:24:8:24:Infinity":78,"s:26:8:26:Infinity":79,"s:27:28:27:33":80,"s:27:33:27:Infinity":81,"s:28:10:28:51":82,"s:28:51:28:Infinity":83,"f:28:51:28:Infinity":5,"b:28:51:28:Infinity:28:51:28:Infinity":2,"s:29:8:29:Infinity":84,"s:31:8:31:Infinity":85,"s:32:31:32:38":86,"s:32:38:32:Infinity":87,"s:33:10:33:92":88,"s:33:92:33:Infinity":89,"f:33:92:33:Infinity":6,"b:33:92:33:Infinity:33:92:33:Infinity":3,"s:34:8:34:Infinity":90,"s:36:8:36:Infinity":91,"s:37:97:37:106":92,"s:37:106:37:Infinity":93,"s:38:10:38:58":94,"s:38:58:38:80":95,"f:38:58:38:67":7,"s:38:58:38:78":96,"s:38:80:38:93":97,"s:38:93:39:Infinity":98,"s:42:4:42:Infinity":99,"s:44:4:44:Infinity":100,"s:45:10:45:29":101,"s:45:29:45:Infinity":102,"s:46:6:48:Infinity":103,"s:49:37:49:41":104,"s:49:41:49:Infinity":105,"s:50:12:50:66":106,"s:50:66:50:Infinity":107,"f:50:66:50:Infinity":8,"b:50:66:50:Infinity:50:66:50:Infinity":4,"s:51:10:51:Infinity":108,"s:52:10:52:Infinity":109,"s:53:39:53:45":110,"s:53:45:53:Infinity":111,"s:54:12:54:59":112,"s:54:59:54:Infinity":113,"f:54:59:54:Infinity":9,"b:54:59:54:Infinity:54:59:54:Infinity":5,"s:55:14:55:31":114,"s:55:31:55:47":115,"s:55:47:55:Infinity":116,"s:57:12:57:Infinity":117,"s:58:10:58:Infinity":118,"s:59:10:59:Infinity":119,"s:60:39:60:45":120,"s:60:45:60:Infinity":121,"s:61:12:61:59":122,"s:61:59:61:Infinity":123,"f:61:59:61:Infinity":10,"b:61:59:61:Infinity:61:59:61:Infinity":6,"s:62:14:62:31":124,"s:62:31:62:47":125,"s:62:47:62:Infinity":126,"s:64:12:64:Infinity":127,"s:65:10:65:Infinity":128,"s:67:8:67:Infinity":129,"s:68:56:68:81":130,"f:68:56:68:65":11,"s:68:56:68:79":131,"s:68:81:68:88":132,"s:68:88:68:Infinity":133,"s:69:10:69:58":134,"s:69:58:69:83":135,"f:69:58:69:67":12,"s:69:58:69:81":136,"s:69:83:69:102":137,"s:69:102:70:Infinity":138,"s:72:6:73:Infinity":139,"s:90:4:91:Infinity":140,"s:15:39:15:51":141,"s:37:56:37:97":142,"s:41:10:41:53":143,"s:56:41:56:59":144,"s:63:41:63:53":145,"s:72:12:72:51":146,"s:73:12:73:81":147,"b:73:12:73:81:73:12:73:81":7,"s:76:11:76:Infinity":148,"b:76:11:76:Infinity:76:11:76:Infinity":8},"fnNames":{}}}
,"/home/runner/work/EDC_B3/EDC_B3/frontend/src/app/components/appointment-management/appointment-management.component.ts": {"path":"/home/runner/work/EDC_B3/EDC_B3/frontend/src/app/components/appointment-management/appointment-management.component.ts","statementMap":{"0":{"start":{"line":17,"column":6},"end":{"line":13,"column":38}},"1":{"start":{"line":18,"column":32},"end":{"line":18,"column":null}},"2":{"start":{"line":19,"column":22},"end":{"line":19,"column":null}},"3":{"start":{"line":20,"column":68},"end":{"line":20,"column":null}},"4":{"start":{"line":21,"column":12},"end":{"line":21,"column":null}},"5":{"start":{"line":22,"column":17},"end":{"line":22,"column":null}},"6":{"start":{"line":29,"column":6},"end":{"line":33,"column":null}},"7":{"start":{"line":40,"column":6},"end":{"line":43,"column":null}},"8":{"start":{"line":17,"column":13},"end":{"line":13,"column":38}},"9":{"start":{"line":47,"column":21},"end":{"line":47,"column":null}},"10":{"start":{"line":48,"column":21},"end":{"line":48,"column":null}},"11":{"start":{"line":49,"column":21},"end":{"line":49,"column":43}},"12":{"start":{"line":53,"column":4},"end":{"line":53,"column":null}},"13":{"start":{"line":57,"column":19},"end":{"line":57,"column":null}},"14":{"start":{"line":57,"column":42},"end":{"line":57,"column":59}},"15":{"start":{"line":58,"column":4},"end":{"line":58,"column":null}},"16":{"start":{"line":62,"column":4},"end":{"line":62,"column":null}},"17":{"start":{"line":63,"column":4},"end":{"line":63,"column":null}},"18":{"start":{"line":65,"column":4},"end":{"line":73,"column":null}},"19":{"start":{"line":67,"column":8},"end":{"line":67,"column":null}},"20":{"start":{"line":68,"column":8},"end":{"line":68,"column":null}},"21":{"start":{"line":71,"column":8},"end":{"line":71,"column":null}},"22":{"start":{"line":75,"column":4},"end":{"line":75,"column":null}},"23":{"start":{"line":79,"column":4},"end":{"line":89,"column":null}},"24":{"start":{"line":81,"column":8},"end":{"line":81,"column":null}},"25":{"start":{"line":82,"column":8},"end":{"line":82,"column":null}},"26":{"start":{"line":83,"column":8},"end":{"line":83,"column":null}},"27":{"start":{"line":86,"column":8},"end":{"line":86,"column":null}},"28":{"start":{"line":87,"column":8},"end":{"line":87,"column":null}},"29":{"start":{"line":93,"column":4},"end":{"line":93,"column":null}},"30":{"start":{"line":97,"column":4},"end":{"line":100,"column":null}},"31":{"start":{"line":102,"column":4},"end":{"line":102,"column":null}},"32":{"start":{"line":106,"column":4},"end":{"line":106,"column":null}},"33":{"start":{"line":107,"column":4},"end":{"line":110,"column":null}},"34":{"start":{"line":108,"column":6},"end":{"line":108,"column":null}},"35":{"start":{"line":109,"column":6},"end":{"line":109,"column":null}},"36":{"start":{"line":112,"column":46},"end":{"line":115,"column":null}},"37":{"start":{"line":118,"column":4},"end":{"line":126,"column":null}},"38":{"start":{"line":120,"column":8},"end":{"line":120,"column":null}},"39":{"start":{"line":121,"column":8},"end":{"line":121,"column":null}},"40":{"start":{"line":124,"column":8},"end":{"line":124,"column":null}},"41":{"start":{"line":130,"column":4},"end":{"line":137,"column":null}},"42":{"start":{"line":132,"column":8},"end":{"line":132,"column":null}},"43":{"start":{"line":135,"column":8},"end":{"line":135,"column":null}},"44":{"start":{"line":141,"column":4},"end":{"line":145,"column":null}},"45":{"start":{"line":150,"column":40},"end":{"line":150,"column":null}},"46":{"start":{"line":152,"column":4},"end":{"line":154,"column":null}},"47":{"start":{"line":153,"column":6},"end":{"line":153,"column":null}},"48":{"start":{"line":156,"column":4},"end":{"line":158,"column":null}},"49":{"start":{"line":157,"column":6},"end":{"line":157,"column":null}},"50":{"start":{"line":160,"column":4},"end":{"line":162,"column":null}},"51":{"start":{"line":161,"column":6},"end":{"line":161,"column":null}},"52":{"start":{"line":164,"column":4},"end":{"line":164,"column":null}},"53":{"start":{"line":17,"column":13},"end":{"line":17,"column":null}},"54":{"start":{"line":17,"column":43},"end":{"line":91,"column":null}},"55":{"start":{"line":17,"column":13},"end":{"line":13,"column":null}}},"fnMap":{"0":{"name":"constructor","decl":{"start":{"line":46,"column":2},"end":{"line":46,"column":null}},"loc":{"start":{"line":49,"column":43},"end":{"line":50,"column":null}},"line":49},"1":{"name":"ngOnInit","decl":{"start":{"line":52,"column":2},"end":{"line":52,"column":10}},"loc":{"start":{"line":52,"column":10},"end":{"line":54,"column":null}},"line":52},"2":{"name":"getClientName","decl":{"start":{"line":56,"column":2},"end":{"line":56,"column":16}},"loc":{"start":{"line":56,"column":32},"end":{"line":59,"column":null}},"line":56},"3":{"name":"(anonymous_3)","decl":{"start":{"line":57,"column":37},"end":{"line":57,"column":42}},"loc":{"start":{"line":57,"column":42},"end":{"line":57,"column":59}},"line":57},"4":{"name":"loadInitialData","decl":{"start":{"line":61,"column":2},"end":{"line":61,"column":17}},"loc":{"start":{"line":61,"column":17},"end":{"line":76,"column":null}},"line":61},"5":{"name":"(anonymous_5)","decl":{"start":{"line":66,"column":12},"end":{"line":66,"column":13}},"loc":{"start":{"line":66,"column":24},"end":{"line":69,"column":null}},"line":66},"6":{"name":"(anonymous_6)","decl":{"start":{"line":70,"column":13},"end":{"line":70,"column":18}},"loc":{"start":{"line":70,"column":18},"end":{"line":72,"column":null}},"line":70},"7":{"name":"loadAppointments","decl":{"start":{"line":78,"column":2},"end":{"line":78,"column":18}},"loc":{"start":{"line":78,"column":18},"end":{"line":90,"column":null}},"line":78},"8":{"name":"(anonymous_8)","decl":{"start":{"line":80,"column":12},"end":{"line":80,"column":13}},"loc":{"start":{"line":80,"column":29},"end":{"line":84,"column":null}},"line":80},"9":{"name":"(anonymous_9)","decl":{"start":{"line":85,"column":13},"end":{"line":85,"column":18}},"loc":{"start":{"line":85,"column":18},"end":{"line":88,"column":null}},"line":85},"10":{"name":"applyFilters","decl":{"start":{"line":92,"column":2},"end":{"line":92,"column":14}},"loc":{"start":{"line":92,"column":14},"end":{"line":94,"column":null}},"line":92},"11":{"name":"resetFilters","decl":{"start":{"line":96,"column":2},"end":{"line":96,"column":14}},"loc":{"start":{"line":96,"column":14},"end":{"line":103,"column":null}},"line":96},"12":{"name":"submitForm","decl":{"start":{"line":105,"column":2},"end":{"line":105,"column":12}},"loc":{"start":{"line":105,"column":12},"end":{"line":127,"column":null}},"line":105},"13":{"name":"(anonymous_13)","decl":{"start":{"line":119,"column":12},"end":{"line":119,"column":17}},"loc":{"start":{"line":119,"column":17},"end":{"line":122,"column":null}},"line":119},"14":{"name":"(anonymous_14)","decl":{"start":{"line":123,"column":13},"end":{"line":123,"column":18}},"loc":{"start":{"line":123,"column":18},"end":{"line":125,"column":null}},"line":123},"15":{"name":"updateStatus","decl":{"start":{"line":129,"column":2},"end":{"line":129,"column":15}},"loc":{"start":{"line":129,"column":65},"end":{"line":138,"column":null}},"line":129},"16":{"name":"(anonymous_16)","decl":{"start":{"line":131,"column":12},"end":{"line":131,"column":17}},"loc":{"start":{"line":131,"column":17},"end":{"line":133,"column":null}},"line":131},"17":{"name":"(anonymous_17)","decl":{"start":{"line":134,"column":13},"end":{"line":134,"column":18}},"loc":{"start":{"line":134,"column":18},"end":{"line":136,"column":null}},"line":134},"18":{"name":"resetForm","decl":{"start":{"line":140,"column":2},"end":{"line":140,"column":11}},"loc":{"start":{"line":140,"column":11},"end":{"line":147,"column":null}},"line":140},"19":{"name":"buildFilters","decl":{"start":{"line":149,"column":10},"end":{"line":149,"column":22}},"loc":{"start":{"line":149,"column":22},"end":{"line":165,"column":null}},"line":149},"20":{"name":"template","decl":{"start":{"line":17,"column":43},"end":{"line":17,"column":null}},"loc":{"start":{"line":17,"column":43},"end":{"line":13,"column":23}},"line":17}},"branchMap":{"0":{"loc":{"start":{"line":58,"column":11},"end":{"line":58,"column":null}},"type":"cond-expr","locations":[{"start":{"line":58,"column":20},"end":{"line":58,"column":38}},{"start":{"line":58,"column":38},"end":{"line":58,"column":null}}],"line":58},"1":{"loc":{"start":{"line":107,"column":4},"end":{"line":110,"column":null}},"type":"if","locations":[{"start":{"line":107,"column":4},"end":{"line":110,"column":null}},{"start":{},"end":{}}],"line":107},"2":{"loc":{"start":{"line":107,"column":8},"end":{"line":107,"column":109}},"type":"binary-expr","locations":[{"start":{"line":107,"column":8},"end":{"line":107,"column":36}},{"start":{"line":107,"column":36},"end":{"line":107,"column":60}},{"start":{"line":107,"column":60},"end":{"line":107,"column":84}},{"start":{"line":107,"column":84},"end":{"line":107,"column":109}}],"line":107},"3":{"loc":{"start":{"line":152,"column":4},"end":{"line":154,"column":null}},"type":"if","locations":[{"start":{"line":152,"column":4},"end":{"line":154,"column":null}},{"start":{},"end":{}}],"line":152},"4":{"loc":{"start":{"line":156,"column":4},"end":{"line":158,"column":null}},"type":"if","locations":[{"start":{"line":156,"column":4},"end":{"line":158,"column":null}},{"start":{},"end":{}}],"line":156},"5":{"loc":{"start":{"line":160,"column":4},"end":{"line":162,"column":null}},"type":"if","locations":[{"start":{"line":160,"column":4},"end":{"line":162,"column":null}},{"start":{},"end":{}}],"line":160},"6":{"loc":{"start":{"line":17,"column":13},"end":{"line":17,"column":43}},"type":"binary-expr","locations":[{"start":{"line":17,"column":13},"end":{"line":17,"column":43}},{"start":{"line":17,"column":13},"end":{"line":17,"column":43}}],"line":17},"7":{"loc":{"start":{"line":17,"column":43},"end":{"line":91,"column":null}},"type":"if","locations":[{"start":{"line":17,"column":43},"end":{"line":91,"column":null}},{"start":{},"end":{}}],"line":17},"8":{"loc":{"start":{"line":17,"column":13},"end":{"line":13,"column":null}},"type":"binary-expr","locations":[{"start":{"line":17,"column":13},"end":{"line":17,"column":43}},{"start":{"line":17,"column":13},"end":{"line":17,"column":43}},{"start":{"line":17,"column":13},"end":{"line":13,"column":null}}],"line":17},"9":{"loc":{"start":{"line":17,"column":13},"end":{"line":17,"column":null}},"type":"binary-expr","locations":[{"start":{"line":17,"column":13},"end":{"line":17,"column":43}},{"start":{"line":17,"column":13},"end":{"line":17,"column":43}},{"start":{"line":17,"column":13},"end":{"line":17,"column":null}}],"line":17}},"s":{"0":2,"1":9,"2":9,"3":9,"4":9,"5":9,"6":9,"7":9,"8":9,"9":7,"10":7,"11":7,"12":7,"13":1,"14":1,"15":1,"16":7,"17":7,"18":7,"19":7,"20":7,"21":0,"22":7,"23":10,"24":9,"25":9,"26":9,"27":1,"28":1,"29":0,"30":0,"31":0,"32":2,"33":2,"34":1,"35":1,"36":1,"37":1,"38":1,"39":1,"40":0,"41":1,"42":0,"43":1,"44":1,"45":10,"46":10,"47":1,"48":10,"49":1,"50":10,"51":1,"52":10,"53":2,"54":30,"55":2},"f":{"0":7,"1":7,"2":1,"3":1,"4":7,"5":7,"6":0,"7":10,"8":9,"9":1,"10":0,"11":0,"12":2,"13":1,"14":0,"15":1,"16":0,"17":1,"18":1,"19":10,"20":9},"b":{"0":[0,1],"1":[1,1],"2":[2,1,1,1],"3":[1,9],"4":[1,9],"5":[1,9],"6":[7,7],"7":[7,23],"8":[2,2,2],"9":[2,2,2]},"meta":{"lastBranch":10,"lastFunction":21,"lastStatement":56,"seen":{"s:17:6:13:38":0,"s:18:32:18:Infinity":1,"s:19:22:19:Infinity":2,"s:20:68:20:Infinity":3,"s:21:12:21:Infinity":4,"s:22:17:22:Infinity":5,"s:29:6:33:Infinity":6,"s:40:6:43:Infinity":7,"s:17:13:13:38":8,"f:46:2:46:Infinity":0,"s:47:21:47:Infinity":9,"s:48:21:48:Infinity":10,"s:49:21:49:43":11,"f:52:2:52:10":1,"s:53:4:53:Infinity":12,"f:56:2:56:16":2,"s:57:19:57:Infinity":13,"f:57:37:57:42":3,"s:57:42:57:59":14,"s:58:4:58:Infinity":15,"b:58:20:58:38:58:38:58:Infinity":0,"f:61:2:61:17":4,"s:62:4:62:Infinity":16,"s:63:4:63:Infinity":17,"s:65:4:73:Infinity":18,"f:66:12:66:13":5,"s:67:8:67:Infinity":19,"s:68:8:68:Infinity":20,"f:70:13:70:18":6,"s:71:8:71:Infinity":21,"s:75:4:75:Infinity":22,"f:78:2:78:18":7,"s:79:4:89:Infinity":23,"f:80:12:80:13":8,"s:81:8:81:Infinity":24,"s:82:8:82:Infinity":25,"s:83:8:83:Infinity":26,"f:85:13:85:18":9,"s:86:8:86:Infinity":27,"s:87:8:87:Infinity":28,"f:92:2:92:14":10,"s:93:4:93:Infinity":29,"f:96:2:96:14":11,"s:97:4:100:Infinity":30,"s:102:4:102:Infinity":31,"f:105:2:105:12":12,"s:106:4:106:Infinity":32,"b:107:4:110:Infinity:undefined:undefined:undefined:undefined":1,"s:107:4:110:Infinity":33,"b:107:8:107:36:107:36:107:60:107:60:107:84:107:84:107:109":2,"s:108:6:108:Infinity":34,"s:109:6:109:Infinity":35,"s:112:46:115:Infinity":36,"s:118:4:126:Infinity":37,"f:119:12:119:17":13,"s:120:8:120:Infinity":38,"s:121:8:121:Infinity":39,"f:123:13:123:18":14,"s:124:8:124:Infinity":40,"f:129:2:129:15":15,"s:130:4:137:Infinity":41,"f:131:12:131:17":16,"s:132:8:132:Infinity":42,"f:134:13:134:18":17,"s:135:8:135:Infinity":43,"f:140:2:140:11":18,"s:141:4:145:Infinity":44,"f:149:10:149:22":19,"s:150:40:150:Infinity":45,"b:152:4:154:Infinity:undefined:undefined:undefined:undefined":3,"s:152:4:154:Infinity":46,"s:153:6:153:Infinity":47,"b:156:4:158:Infinity:undefined:undefined:undefined:undefined":4,"s:156:4:158:Infinity":48,"s:157:6:157:Infinity":49,"b:160:4:162:Infinity:undefined:undefined:undefined:undefined":5,"s:160:4:162:Infinity":50,"s:161:6:161:Infinity":51,"s:164:4:164:Infinity":52,"s:17:13:17:Infinity":53,"b:17:13:17:43:17:13:17:43":6,"f:17:43:17:Infinity":20,"b:17:43:91:Infinity:undefined:undefined:undefined:undefined":7,"s:17:43:91:Infinity":54,"s:17:13:13:Infinity":55,"b:17:13:17:43:17:13:17:43:17:13:13:Infinity":8,"b:17:13:17:43:17:13:17:43:17:13:17:Infinity":9},"fnNames":{}}}
,"/home/runner/work/EDC_B3/EDC_B3/frontend/src/app/components/client-management/client-management.component.html": {"path":"/home/runner/work/EDC_B3/EDC_B3/frontend/src/app/components/client-management/client-management.component.html","statementMap":{"0":{"start":{"line":29,"column":6},"end":{"line":29,"column":35}},"1":{"start":{"line":29,"column":57},"end":{"line":29,"column":77}},"2":{"start":{"line":29,"column":77},"end":{"line":29,"column":null}},"3":{"start":{"line":30,"column":6},"end":{"line":30,"column":33}},"4":{"start":{"line":30,"column":53},"end":{"line":30,"column":71}},"5":{"start":{"line":30,"column":71},"end":{"line":30,"column":null}},"6":{"start":{"line":35,"column":6},"end":{"line":35,"column":10}},"7":{"start":{"line":35,"column":25},"end":{"line":35,"column":47}},"8":{"start":{"line":35,"column":47},"end":{"line":35,"column":null}},"9":{"start":{"line":36,"column":6},"end":{"line":36,"column":10}},"10":{"start":{"line":36,"column":50},"end":{"line":36,"column":89}},"11":{"start":{"line":36,"column":89},"end":{"line":36,"column":null}},"12":{"start":{"line":39,"column":8},"end":{"line":40,"column":null}},"13":{"start":{"line":41,"column":20},"end":{"line":41,"column":36}},"14":{"start":{"line":41,"column":36},"end":{"line":41,"column":null}},"15":{"start":{"line":42,"column":12},"end":{"line":42,"column":15}},"16":{"start":{"line":42,"column":15},"end":{"line":42,"column":87}},"17":{"start":{"line":42,"column":87},"end":{"line":42,"column":null}},"18":{"start":{"line":43,"column":12},"end":{"line":43,"column":19}},"19":{"start":{"line":43,"column":19},"end":{"line":43,"column":53}},"20":{"start":{"line":43,"column":53},"end":{"line":43,"column":null}},"21":{"start":{"line":45,"column":10},"end":{"line":45,"column":32}},"22":{"start":{"line":45,"column":32},"end":{"line":45,"column":61}},"23":{"start":{"line":45,"column":32},"end":{"line":45,"column":41}},"24":{"start":{"line":45,"column":61},"end":{"line":45,"column":67}},"25":{"start":{"line":45,"column":67},"end":{"line":45,"column":null}},"26":{"start":{"line":38,"column":6},"end":{"line":38,"column":31}},"27":{"start":{"line":39,"column":8},"end":{"line":39,"column":31}},"28":{"start":{"line":47,"column":6},"end":{"line":47,"column":null}},"29":{"start":{"line":39,"column":31},"end":{"line":39,"column":43}},"30":{"start":{"line":1,"column":0},"end":{"line":2,"column":null}},"31":{"start":{"line":3,"column":23},"end":{"line":3,"column":31}},"32":{"start":{"line":3,"column":31},"end":{"line":3,"column":null}},"33":{"start":{"line":4,"column":4},"end":{"line":4,"column":8}},"34":{"start":{"line":4,"column":8},"end":{"line":4,"column":23}},"35":{"start":{"line":4,"column":23},"end":{"line":4,"column":null}},"36":{"start":{"line":5,"column":4},"end":{"line":5,"column":24}},"37":{"start":{"line":5,"column":24},"end":{"line":5,"column":96}},"38":{"start":{"line":5,"column":96},"end":{"line":5,"column":null}},"39":{"start":{"line":8,"column":2},"end":{"line":9,"column":null}},"40":{"start":{"line":10,"column":10},"end":{"line":10,"column":75}},"41":{"start":{"line":10,"column":75},"end":{"line":10,"column":null}},"42":{"start":{"line":11,"column":6},"end":{"line":11,"column":12}},"43":{"start":{"line":11,"column":12},"end":{"line":11,"column":null}},"44":{"start":{"line":11,"column":12},"end":{"line":11,"column":36}},"45":{"start":{"line":12,"column":8},"end":{"line":12,"column":25}},"46":{"start":{"line":12,"column":25},"end":{"line":12,"column":28}},"47":{"start":{"line":12,"column":28},"end":{"line":12,"column":null}},"48":{"start":{"line":13,"column":8},"end":{"line":13,"column":47}},"49":{"start":{"line":13,"column":47},"end":{"line":13,"column":null}},"50":{"start":{"line":15,"column":8},"end":{"line":15,"column":27}},"51":{"start":{"line":15,"column":27},"end":{"line":15,"column":32}},"52":{"start":{"line":15,"column":32},"end":{"line":15,"column":null}},"53":{"start":{"line":16,"column":8},"end":{"line":16,"column":52}},"54":{"start":{"line":16,"column":52},"end":{"line":16,"column":null}},"55":{"start":{"line":18,"column":8},"end":{"line":18,"column":31}},"56":{"start":{"line":18,"column":31},"end":{"line":18,"column":40}},"57":{"start":{"line":18,"column":40},"end":{"line":18,"column":null}},"58":{"start":{"line":19,"column":8},"end":{"line":19,"column":59}},"59":{"start":{"line":19,"column":59},"end":{"line":19,"column":null}},"60":{"start":{"line":21,"column":8},"end":{"line":21,"column":null}},"61":{"start":{"line":23,"column":12},"end":{"line":23,"column":null}},"62":{"start":{"line":24,"column":10},"end":{"line":24,"column":null}},"63":{"start":{"line":25,"column":10},"end":{"line":25,"column":54}},"64":{"start":{"line":25,"column":54},"end":{"line":25,"column":76}},"65":{"start":{"line":25,"column":54},"end":{"line":25,"column":74}},"66":{"start":{"line":25,"column":76},"end":{"line":25,"column":89}},"67":{"start":{"line":25,"column":89},"end":{"line":26,"column":null}},"68":{"start":{"line":29,"column":6},"end":{"line":29,"column":77}},"69":{"start":{"line":31,"column":4},"end":{"line":31,"column":null}},"70":{"start":{"line":33,"column":4},"end":{"line":33,"column":null}},"71":{"start":{"line":34,"column":10},"end":{"line":34,"column":27}},"72":{"start":{"line":34,"column":27},"end":{"line":34,"column":null}},"73":{"start":{"line":35,"column":6},"end":{"line":36,"column":89}},"74":{"start":{"line":48,"column":4},"end":{"line":49,"column":null}},"75":{"start":{"line":29,"column":35},"end":{"line":29,"column":57}},"76":{"start":{"line":30,"column":33},"end":{"line":30,"column":53}},"77":{"start":{"line":35,"column":10},"end":{"line":35,"column":25}},"78":{"start":{"line":36,"column":10},"end":{"line":36,"column":50}},"79":{"start":{"line":38,"column":31},"end":{"line":38,"column":null}}},"fnMap":{"0":{"name":"ClientManagementComponent_ul_34_li_1_Template_button_click_8_listener","decl":{"start":{"line":45,"column":32},"end":{"line":45,"column":41}},"loc":{"start":{"line":45,"column":32},"end":{"line":45,"column":61}},"line":45},"1":{"name":"ClientManagementComponent_Template_form_ngSubmit_12_listener","decl":{"start":{"line":11,"column":12},"end":{"line":11,"column":24}},"loc":{"start":{"line":11,"column":12},"end":{"line":11,"column":null}},"line":11},"2":{"name":"ClientManagementComponent_Template_input_ngModelChange_15_listener","decl":{"start":{"line":13,"column":47},"end":{"line":13,"column":null}},"loc":{"start":{"line":13,"column":47},"end":{"line":13,"column":null}},"line":13},"3":{"name":"ClientManagementComponent_Template_input_ngModelChange_18_listener","decl":{"start":{"line":16,"column":52},"end":{"line":16,"column":null}},"loc":{"start":{"line":16,"column":52},"end":{"line":16,"column":null}},"line":16},"4":{"name":"ClientManagementComponent_Template_input_ngModelChange_21_listener","decl":{"start":{"line":19,"column":59},"end":{"line":19,"column":null}},"loc":{"start":{"line":19,"column":59},"end":{"line":19,"column":null}},"line":19},"5":{"name":"ClientManagementComponent_Template_button_click_25_listener","decl":{"start":{"line":25,"column":54},"end":{"line":25,"column":63}},"loc":{"start":{"line":25,"column":54},"end":{"line":25,"column":76}},"line":25}},"branchMap":{"0":{"loc":{"start":{"line":42,"column":15},"end":{"line":42,"column":87}},"type":"binary-expr","locations":[{"start":{"line":42,"column":15},"end":{"line":42,"column":87}},{"start":{"line":42,"column":15},"end":{"line":42,"column":87}}],"line":42},"1":{"loc":{"start":{"line":13,"column":47},"end":{"line":13,"column":null}},"type":"binary-expr","locations":[{"start":{"line":13,"column":47},"end":{"line":13,"column":null}},{"start":{"line":13,"column":47},"end":{"line":13,"column":null}}],"line":13},"2":{"loc":{"start":{"line":16,"column":52},"end":{"line":16,"column":null}},"type":"binary-expr","locations":[{"start":{"line":16,"column":52},"end":{"line":16,"column":null}},{"start":{"line":16,"column":52},"end":{"line":16,"column":null}}],"line":16},"3":{"loc":{"start":{"line":19,"column":59},"end":{"line":19,"column":null}},"type":"binary-expr","locations":[{"start":{"line":19,"column":59},"end":{"line":19,"column":null}},{"start":{"line":19,"column":59},"end":{"line":19,"column":null}}],"line":19},"4":{"loc":{"start":{"line":10,"column":10},"end":{"line":10,"column":75}},"type":"cond-expr","locations":[{"start":{"line":10,"column":10},"end":{"line":10,"column":75}},{"start":{"line":10,"column":10},"end":{"line":10,"column":75}}],"line":10},"5":{"loc":{"start":{"line":23,"column":12},"end":{"line":23,"column":null}},"type":"cond-expr","locations":[{"start":{"line":23,"column":12},"end":{"line":23,"column":null}},{"start":{"line":23,"column":12},"end":{"line":23,"column":null}}],"line":23},"6":{"loc":{"start":{"line":36,"column":10},"end":{"line":36,"column":50}},"type":"binary-expr","locations":[{"start":{"line":36,"column":10},"end":{"line":36,"column":50}},{"start":{"line":36,"column":10},"end":{"line":36,"column":50}}],"line":36},"7":{"loc":{"start":{"line":38,"column":31},"end":{"line":38,"column":null}},"type":"binary-expr","locations":[{"start":{"line":38,"column":31},"end":{"line":38,"column":null}},{"start":{"line":38,"column":31},"end":{"line":38,"column":null}}],"line":38}},"s":{"0":2,"1":2,"2":2,"3":0,"4":0,"5":0,"6":0,"7":0,"8":0,"9":7,"10":7,"11":7,"12":0,"13":0,"14":0,"15":0,"16":0,"17":0,"18":0,"19":0,"20":0,"21":0,"22":0,"23":0,"24":0,"25":0,"26":0,"27":0,"28":0,"29":0,"30":7,"31":7,"32":7,"33":7,"34":7,"35":7,"36":7,"37":7,"38":7,"39":7,"40":9,"41":7,"42":7,"43":7,"44":0,"45":7,"46":7,"47":7,"48":7,"49":9,"50":7,"51":7,"52":7,"53":7,"54":9,"55":7,"56":7,"57":7,"58":7,"59":9,"60":7,"61":9,"62":7,"63":7,"64":7,"65":0,"66":7,"67":7,"68":7,"69":7,"70":7,"71":7,"72":7,"73":7,"74":7,"75":9,"76":9,"77":9,"78":9,"79":9},"f":{"0":0,"1":0,"2":0,"3":0,"4":0,"5":0},"b":{"0":[0,0],"1":[0,0],"2":[0,0],"3":[0,0],"4":[0,9],"5":[0,9],"6":[9,9],"7":[9,9]},"meta":{"lastBranch":8,"lastFunction":6,"lastStatement":80,"seen":{"s:29:6:29:35":0,"s:29:57:29:77":1,"s:29:77:29:Infinity":2,"s:30:6:30:33":3,"s:30:53:30:71":4,"s:30:71:30:Infinity":5,"s:35:6:35:10":6,"s:35:25:35:47":7,"s:35:47:35:Infinity":8,"s:36:6:36:10":9,"s:36:50:36:89":10,"s:36:89:36:Infinity":11,"s:39:8:40:Infinity":12,"s:41:20:41:36":13,"s:41:36:41:Infinity":14,"s:42:12:42:15":15,"s:42:15:42:87":16,"s:42:87:42:Infinity":17,"s:43:12:43:19":18,"s:43:19:43:53":19,"s:43:53:43:Infinity":20,"s:45:10:45:32":21,"s:45:32:45:61":22,"f:45:32:45:41":0,"s:45:32:45:41":23,"s:45:61:45:67":24,"s:45:67:45:Infinity":25,"b:42:15:42:87:42:15:42:87":0,"s:38:6:38:31":26,"s:39:8:39:31":27,"s:47:6:47:Infinity":28,"s:39:31:39:43":29,"s:1:0:2:Infinity":30,"s:3:23:3:31":31,"s:3:31:3:Infinity":32,"s:4:4:4:8":33,"s:4:8:4:23":34,"s:4:23:4:Infinity":35,"s:5:4:5:24":36,"s:5:24:5:96":37,"s:5:96:5:Infinity":38,"s:8:2:9:Infinity":39,"s:10:10:10:75":40,"s:10:75:10:Infinity":41,"s:11:6:11:12":42,"s:11:12:11:Infinity":43,"f:11:12:11:24":1,"s:11:12:11:36":44,"s:12:8:12:25":45,"s:12:25:12:28":46,"s:12:28:12:Infinity":47,"s:13:8:13:47":48,"s:13:47:13:Infinity":49,"f:13:47:13:Infinity":2,"b:13:47:13:Infinity:13:47:13:Infinity":1,"s:15:8:15:27":50,"s:15:27:15:32":51,"s:15:32:15:Infinity":52,"s:16:8:16:52":53,"s:16:52:16:Infinity":54,"f:16:52:16:Infinity":3,"b:16:52:16:Infinity:16:52:16:Infinity":2,"s:18:8:18:31":55,"s:18:31:18:40":56,"s:18:40:18:Infinity":57,"s:19:8:19:59":58,"s:19:59:19:Infinity":59,"f:19:59:19:Infinity":4,"b:19:59:19:Infinity:19:59:19:Infinity":3,"s:21:8:21:Infinity":60,"s:23:12:23:Infinity":61,"s:24:10:24:Infinity":62,"s:25:10:25:54":63,"s:25:54:25:76":64,"f:25:54:25:63":5,"s:25:54:25:74":65,"s:25:76:25:89":66,"s:25:89:26:Infinity":67,"s:29:6:29:77":68,"s:31:4:31:Infinity":69,"s:33:4:33:Infinity":70,"s:34:10:34:27":71,"s:34:27:34:Infinity":72,"s:35:6:36:89":73,"s:48:4:49:Infinity":74,"b:10:10:10:75:10:10:10:75":4,"b:23:12:23:Infinity:23:12:23:Infinity":5,"s:29:35:29:57":75,"s:30:33:30:53":76,"s:35:10:35:25":77,"s:36:10:36:50":78,"b:36:10:36:50:36:10:36:50":6,"s:38:31:38:Infinity":79,"b:38:31:38:Infinity:38:31:38:Infinity":7},"fnNames":{}}}
,"/home/runner/work/EDC_B3/EDC_B3/frontend/src/app/components/client-management/client-management.component.ts": {"path":"/home/runner/work/EDC_B3/EDC_B3/frontend/src/app/components/client-management/client-management.component.ts","statementMap":{"0":{"start":{"line":15,"column":6},"end":{"line":11,"column":38}},"1":{"start":{"line":16,"column":22},"end":{"line":16,"column":null}},"2":{"start":{"line":17,"column":12},"end":{"line":17,"column":null}},"3":{"start":{"line":18,"column":17},"end":{"line":18,"column":null}},"4":{"start":{"line":19,"column":19},"end":{"line":19,"column":null}},"5":{"start":{"line":20,"column":36},"end":{"line":20,"column":null}},"6":{"start":{"line":21,"column":66},"end":{"line":21,"column":null}},"7":{"start":{"line":23,"column":29},"end":{"line":26,"column":null}},"8":{"start":{"line":15,"column":13},"end":{"line":11,"column":38}},"9":{"start":{"line":30,"column":21},"end":{"line":30,"column":null}},"10":{"start":{"line":31,"column":21},"end":{"line":31,"column":43}},"11":{"start":{"line":35,"column":4},"end":{"line":35,"column":null}},"12":{"start":{"line":39,"column":4},"end":{"line":39,"column":null}},"13":{"start":{"line":40,"column":4},"end":{"line":40,"column":null}},"14":{"start":{"line":41,"column":4},"end":{"line":51,"column":null}},"15":{"start":{"line":43,"column":8},"end":{"line":43,"column":null}},"16":{"start":{"line":44,"column":8},"end":{"line":44,"column":null}},"17":{"start":{"line":45,"column":8},"end":{"line":45,"column":null}},"18":{"start":{"line":48,"column":8},"end":{"line":48,"column":null}},"19":{"start":{"line":49,"column":8},"end":{"line":49,"column":null}},"20":{"start":{"line":55,"column":4},"end":{"line":55,"column":null}},"21":{"start":{"line":56,"column":4},"end":{"line":56,"column":null}},"22":{"start":{"line":58,"column":4},"end":{"line":61,"column":null}},"23":{"start":{"line":59,"column":6},"end":{"line":59,"column":null}},"24":{"start":{"line":60,"column":6},"end":{"line":60,"column":null}},"25":{"start":{"line":63,"column":21},"end":{"line":65,"column":null}},"26":{"start":{"line":67,"column":4},"end":{"line":78,"column":null}},"27":{"start":{"line":69,"column":8},"end":{"line":71,"column":null}},"28":{"start":{"line":72,"column":8},"end":{"line":72,"column":null}},"29":{"start":{"line":73,"column":8},"end":{"line":73,"column":null}},"30":{"start":{"line":76,"column":8},"end":{"line":76,"column":null}},"31":{"start":{"line":82,"column":4},"end":{"line":82,"column":null}},"32":{"start":{"line":83,"column":4},"end":{"line":86,"column":null}},"33":{"start":{"line":91,"column":4},"end":{"line":91,"column":null}},"34":{"start":{"line":92,"column":4},"end":{"line":95,"column":null}},"35":{"start":{"line":15,"column":13},"end":{"line":15,"column":null}},"36":{"start":{"line":15,"column":38},"end":{"line":49,"column":null}},"37":{"start":{"line":15,"column":13},"end":{"line":11,"column":null}}},"fnMap":{"0":{"name":"constructor","decl":{"start":{"line":29,"column":2},"end":{"line":29,"column":null}},"loc":{"start":{"line":31,"column":43},"end":{"line":32,"column":null}},"line":31},"1":{"name":"ngOnInit","decl":{"start":{"line":34,"column":2},"end":{"line":34,"column":10}},"loc":{"start":{"line":34,"column":10},"end":{"line":36,"column":null}},"line":34},"2":{"name":"loadClients","decl":{"start":{"line":38,"column":2},"end":{"line":38,"column":13}},"loc":{"start":{"line":38,"column":13},"end":{"line":52,"column":null}},"line":38},"3":{"name":"(anonymous_3)","decl":{"start":{"line":42,"column":12},"end":{"line":42,"column":13}},"loc":{"start":{"line":42,"column":24},"end":{"line":46,"column":null}},"line":42},"4":{"name":"(anonymous_4)","decl":{"start":{"line":47,"column":13},"end":{"line":47,"column":18}},"loc":{"start":{"line":47,"column":18},"end":{"line":50,"column":null}},"line":47},"5":{"name":"submitForm","decl":{"start":{"line":54,"column":2},"end":{"line":54,"column":12}},"loc":{"start":{"line":54,"column":12},"end":{"line":79,"column":null}},"line":54},"6":{"name":"(anonymous_6)","decl":{"start":{"line":68,"column":12},"end":{"line":68,"column":13}},"loc":{"start":{"line":68,"column":23},"end":{"line":74,"column":null}},"line":68},"7":{"name":"(anonymous_7)","decl":{"start":{"line":75,"column":13},"end":{"line":75,"column":18}},"loc":{"start":{"line":75,"column":18},"end":{"line":77,"column":null}},"line":75},"8":{"name":"editClient","decl":{"start":{"line":81,"column":2},"end":{"line":81,"column":13}},"loc":{"start":{"line":81,"column":27},"end":{"line":88,"column":null}},"line":81},"9":{"name":"resetForm","decl":{"start":{"line":90,"column":2},"end":{"line":90,"column":11}},"loc":{"start":{"line":90,"column":11},"end":{"line":97,"column":null}},"line":90},"10":{"name":"template","decl":{"start":{"line":15,"column":38},"end":{"line":15,"column":null}},"loc":{"start":{"line":15,"column":38},"end":{"line":11,"column":23}},"line":15}},"branchMap":{"0":{"loc":{"start":{"line":58,"column":4},"end":{"line":61,"column":null}},"type":"if","locations":[{"start":{"line":58,"column":4},"end":{"line":61,"column":null}},{"start":{},"end":{}}],"line":58},"1":{"loc":{"start":{"line":58,"column":8},"end":{"line":58,"column":54}},"type":"binary-expr","locations":[{"start":{"line":58,"column":8},"end":{"line":58,"column":31}},{"start":{"line":58,"column":31},"end":{"line":58,"column":54}}],"line":58},"2":{"loc":{"start":{"line":63,"column":21},"end":{"line":65,"column":null}},"type":"cond-expr","locations":[{"start":{"line":64,"column":8},"end":{"line":64,"column":null}},{"start":{"line":65,"column":8},"end":{"line":65,"column":null}}],"line":63},"3":{"loc":{"start":{"line":69,"column":30},"end":{"line":71,"column":null}},"type":"cond-expr","locations":[{"start":{"line":70,"column":12},"end":{"line":70,"column":null}},{"start":{"line":71,"column":12},"end":{"line":71,"column":null}}],"line":69},"4":{"loc":{"start":{"line":15,"column":13},"end":{"line":15,"column":38}},"type":"binary-expr","locations":[{"start":{"line":15,"column":13},"end":{"line":15,"column":38}},{"start":{"line":15,"column":13},"end":{"line":15,"column":38}}],"line":15},"5":{"loc":{"start":{"line":15,"column":38},"end":{"line":49,"column":null}},"type":"if","locations":[{"start":{"line":15,"column":38},"end":{"line":49,"column":null}},{"start":{},"end":{}}],"line":15},"6":{"loc":{"start":{"line":15,"column":13},"end":{"line":11,"column":null}},"type":"binary-expr","locations":[{"start":{"line":15,"column":13},"end":{"line":15,"column":38}},{"start":{"line":15,"column":13},"end":{"line":15,"column":38}},{"start":{"line":15,"column":13},"end":{"line":11,"column":null}}],"line":15},"7":{"loc":{"start":{"line":15,"column":13},"end":{"line":15,"column":null}},"type":"binary-expr","locations":[{"start":{"line":15,"column":13},"end":{"line":15,"column":38}},{"start":{"line":15,"column":13},"end":{"line":15,"column":38}},{"start":{"line":15,"column":13},"end":{"line":15,"column":null}}],"line":15}},"s":{"0":2,"1":9,"2":9,"3":9,"4":9,"5":9,"6":9,"7":9,"8":9,"9":7,"10":7,"11":7,"12":10,"13":10,"14":10,"15":9,"16":9,"17":9,"18":1,"19":1,"20":4,"21":4,"22":4,"23":1,"24":1,"25":3,"26":4,"27":2,"28":2,"29":2,"30":1,"31":1,"32":1,"33":3,"34":3,"35":2,"36":16,"37":2},"f":{"0":7,"1":7,"2":10,"3":9,"4":1,"5":4,"6":2,"7":1,"8":1,"9":3,"10":9},"b":{"0":[1,3],"1":[4,3],"2":[1,2],"3":[1,1],"4":[7,7],"5":[7,9],"6":[2,2,2],"7":[2,2,2]},"meta":{"lastBranch":8,"lastFunction":11,"lastStatement":38,"seen":{"s:15:6:11:38":0,"s:16:22:16:Infinity":1,"s:17:12:17:Infinity":2,"s:18:17:18:Infinity":3,"s:19:19:19:Infinity":4,"s:20:36:20:Infinity":5,"s:21:66:21:Infinity":6,"s:23:29:26:Infinity":7,"s:15:13:11:38":8,"f:29:2:29:Infinity":0,"s:30:21:30:Infinity":9,"s:31:21:31:43":10,"f:34:2:34:10":1,"s:35:4:35:Infinity":11,"f:38:2:38:13":2,"s:39:4:39:Infinity":12,"s:40:4:40:Infinity":13,"s:41:4:51:Infinity":14,"f:42:12:42:13":3,"s:43:8:43:Infinity":15,"s:44:8:44:Infinity":16,"s:45:8:45:Infinity":17,"f:47:13:47:18":4,"s:48:8:48:Infinity":18,"s:49:8:49:Infinity":19,"f:54:2:54:12":5,"s:55:4:55:Infinity":20,"s:56:4:56:Infinity":21,"b:58:4:61:Infinity:undefined:undefined:undefined:undefined":0,"s:58:4:61:Infinity":22,"b:58:8:58:31:58:31:58:54":1,"s:59:6:59:Infinity":23,"s:60:6:60:Infinity":24,"s:63:21:65:Infinity":25,"b:64:8:64:Infinity:65:8:65:Infinity":2,"s:67:4:78:Infinity":26,"f:68:12:68:13":6,"s:69:8:71:Infinity":27,"b:70:12:70:Infinity:71:12:71:Infinity":3,"s:72:8:72:Infinity":28,"s:73:8:73:Infinity":29,"f:75:13:75:18":7,"s:76:8:76:Infinity":30,"f:81:2:81:13":8,"s:82:4:82:Infinity":31,"s:83:4:86:Infinity":32,"f:90:2:90:11":9,"s:91:4:91:Infinity":33,"s:92:4:95:Infinity":34,"s:15:13:15:Infinity":35,"b:15:13:15:38:15:13:15:38":4,"f:15:38:15:Infinity":10,"b:15:38:49:Infinity:undefined:undefined:undefined:undefined":5,"s:15:38:49:Infinity":36,"s:15:13:11:Infinity":37,"b:15:13:15:38:15:13:15:38:15:13:11:Infinity":6,"b:15:13:15:38:15:13:15:38:15:13:15:Infinity":7},"fnNames":{}}}
,"/home/runner/work/EDC_B3/EDC_B3/frontend/src/app/components/profile/profile.component.ts": {"path":"/home/runner/work/EDC_B3/EDC_B3/frontend/src/app/components/profile/profile.component.ts","statementMap":{"0":{"start":{"line":18,"column":10},"end":{"line":18,"column":32}},"1":{"start":{"line":18,"column":59},"end":{"line":18,"column":70}},"2":{"start":{"line":18,"column":70},"end":{"line":18,"column":null}},"3":{"start":{"line":18,"column":44},"end":{"line":18,"column":59}},"4":{"start":{"line":22,"column":6},"end":{"line":23,"column":19}},"5":{"start":{"line":23,"column":19},"end":{"line":23,"column":23}},"6":{"start":{"line":23,"column":23},"end":{"line":23,"column":33}},"7":{"start":{"line":23,"column":33},"end":{"line":23,"column":50}},"8":{"start":{"line":23,"column":50},"end":{"line":23,"column":null}},"9":{"start":{"line":24,"column":8},"end":{"line":24,"column":19}},"10":{"start":{"line":24,"column":19},"end":{"line":24,"column":25}},"11":{"start":{"line":24,"column":25},"end":{"line":24,"column":35}},"12":{"start":{"line":24,"column":35},"end":{"line":24,"column":54}},"13":{"start":{"line":24,"column":54},"end":{"line":24,"column":null}},"14":{"start":{"line":25,"column":8},"end":{"line":25,"column":19}},"15":{"start":{"line":25,"column":19},"end":{"line":25,"column":23}},"16":{"start":{"line":25,"column":23},"end":{"line":25,"column":33}},"17":{"start":{"line":25,"column":33},"end":{"line":25,"column":56}},"18":{"start":{"line":25,"column":56},"end":{"line":25,"column":null}},"19":{"start":{"line":26,"column":8},"end":{"line":26,"column":19}},"20":{"start":{"line":26,"column":19},"end":{"line":26,"column":35}},"21":{"start":{"line":26,"column":35},"end":{"line":26,"column":45}},"22":{"start":{"line":26,"column":45},"end":{"line":26,"column":73}},"23":{"start":{"line":26,"column":73},"end":{"line":26,"column":null}},"24":{"start":{"line":29,"column":6},"end":{"line":29,"column":11}},"25":{"start":{"line":29,"column":40},"end":{"line":29,"column":67}},"26":{"start":{"line":29,"column":67},"end":{"line":29,"column":null}},"27":{"start":{"line":31,"column":8},"end":{"line":31,"column":26}},"28":{"start":{"line":32,"column":10},"end":{"line":32,"column":null}},"29":{"start":{"line":33,"column":8},"end":{"line":33,"column":null}},"30":{"start":{"line":38,"column":6},"end":{"line":10,"column":null}},"31":{"start":{"line":39,"column":27},"end":{"line":39,"column":null}},"32":{"start":{"line":40,"column":39},"end":{"line":40,"column":null}},"33":{"start":{"line":41,"column":22},"end":{"line":41,"column":null}},"34":{"start":{"line":42,"column":21},"end":{"line":42,"column":null}},"35":{"start":{"line":38,"column":13},"end":{"line":10,"column":null}},"36":{"start":{"line":44,"column":31},"end":{"line":44,"column":65}},"37":{"start":{"line":47,"column":4},"end":{"line":53,"column":null}},"38":{"start":{"line":48,"column":6},"end":{"line":48,"column":null}},"39":{"start":{"line":49,"column":6},"end":{"line":52,"column":null}},"40":{"start":{"line":50,"column":8},"end":{"line":50,"column":null}},"41":{"start":{"line":51,"column":8},"end":{"line":51,"column":null}},"42":{"start":{"line":57,"column":4},"end":{"line":61,"column":null}},"43":{"start":{"line":57,"column":31},"end":{"line":57,"column":null}},"44":{"start":{"line":59,"column":6},"end":{"line":59,"column":null}},"45":{"start":{"line":60,"column":6},"end":{"line":60,"column":null}},"46":{"start":{"line":65,"column":4},"end":{"line":65,"column":null}},"47":{"start":{"line":65,"column":82},"end":{"line":65,"column":105}},"48":{"start":{"line":66,"column":4},"end":{"line":66,"column":null}},"49":{"start":{"line":66,"column":95},"end":{"line":66,"column":128}},"50":{"start":{"line":38,"column":13},"end":{"line":38,"column":null}},"51":{"start":{"line":38,"column":29},"end":{"line":34,"column":null}},"52":{"start":{"line":12,"column":4},"end":{"line":12,"column":null}},"53":{"start":{"line":13,"column":10},"end":{"line":13,"column":32}},"54":{"start":{"line":13,"column":32},"end":{"line":13,"column":null}},"55":{"start":{"line":14,"column":6},"end":{"line":14,"column":null}},"56":{"start":{"line":15,"column":34},"end":{"line":15,"column":56}},"57":{"start":{"line":15,"column":56},"end":{"line":15,"column":null}},"58":{"start":{"line":16,"column":8},"end":{"line":16,"column":34}},"59":{"start":{"line":16,"column":34},"end":{"line":16,"column":65}},"60":{"start":{"line":16,"column":65},"end":{"line":16,"column":null}},"61":{"start":{"line":16,"column":65},"end":{"line":16,"column":91}},"62":{"start":{"line":17,"column":10},"end":{"line":17,"column":27}},"63":{"start":{"line":17,"column":27},"end":{"line":17,"column":40}},"64":{"start":{"line":17,"column":40},"end":{"line":17,"column":null}},"65":{"start":{"line":19,"column":8},"end":{"line":19,"column":null}},"66":{"start":{"line":20,"column":6},"end":{"line":20,"column":null}},"67":{"start":{"line":22,"column":6},"end":{"line":22,"column":null}},"68":{"start":{"line":30,"column":6},"end":{"line":30,"column":null}},"69":{"start":{"line":34,"column":6},"end":{"line":34,"column":null}},"70":{"start":{"line":18,"column":32},"end":{"line":18,"column":44}},"71":{"start":{"line":22,"column":12},"end":{"line":22,"column":27}},"72":{"start":{"line":29,"column":11},"end":{"line":29,"column":40}},"73":{"start":{"line":31,"column":26},"end":{"line":31,"column":null}},"74":{"start":{"line":38,"column":13},"end":{"line":37,"column":null}}},"fnMap":{"0":{"name":"constructor","decl":{"start":{"line":44,"column":2},"end":{"line":44,"column":31}},"loc":{"start":{"line":44,"column":65},"end":{"line":44,"column":null}},"line":44},"1":{"name":"ngOnInit","decl":{"start":{"line":46,"column":2},"end":{"line":46,"column":10}},"loc":{"start":{"line":46,"column":10},"end":{"line":54,"column":null}},"line":46},"2":{"name":"(anonymous_2)","decl":{"start":{"line":47,"column":57},"end":{"line":47,"column":58}},"loc":{"start":{"line":47,"column":69},"end":{"line":53,"column":5}},"line":47},"3":{"name":"onClientChange","decl":{"start":{"line":56,"column":2},"end":{"line":56,"column":16}},"loc":{"start":{"line":56,"column":16},"end":{"line":62,"column":null}},"line":56},"4":{"name":"loadForClient","decl":{"start":{"line":64,"column":10},"end":{"line":64,"column":24}},"loc":{"start":{"line":64,"column":40},"end":{"line":67,"column":null}},"line":64},"5":{"name":"(anonymous_5)","decl":{"start":{"line":65,"column":68},"end":{"line":65,"column":69}},"loc":{"start":{"line":65,"column":82},"end":{"line":65,"column":105}},"line":65},"6":{"name":"(anonymous_6)","decl":{"start":{"line":66,"column":76},"end":{"line":66,"column":77}},"loc":{"start":{"line":66,"column":95},"end":{"line":66,"column":128}},"line":66},"7":{"name":"template","decl":{"start":{"line":38,"column":29},"end":{"line":38,"column":null}},"loc":{"start":{"line":38,"column":29},"end":{"line":10,"column":24}},"line":38},"8":{"name":"ProfileComponent_Template_select_ngModelChange_6_listener","decl":{"start":{"line":16,"column":34},"end":{"line":16,"column":65}},"loc":{"start":{"line":16,"column":34},"end":{"line":16,"column":65}},"line":16},"9":{"name":"ProfileComponent_Template_select_change_6_listener","decl":{"start":{"line":16,"column":65},"end":{"line":16,"column":75}},"loc":{"start":{"line":16,"column":65},"end":{"line":16,"column":null}},"line":16}},"branchMap":{"0":{"loc":{"start":{"line":48,"column":21},"end":{"line":48,"column":null}},"type":"binary-expr","locations":[{"start":{"line":48,"column":21},"end":{"line":48,"column":32}},{"start":{"line":48,"column":32},"end":{"line":48,"column":null}}],"line":48},"1":{"loc":{"start":{"line":49,"column":6},"end":{"line":52,"column":null}},"type":"if","locations":[{"start":{"line":49,"column":6},"end":{"line":52,"column":null}},{"start":{},"end":{}}],"line":49},"2":{"loc":{"start":{"line":57,"column":4},"end":{"line":61,"column":null}},"type":"if","locations":[{"start":{"line":57,"column":4},"end":{"line":61,"column":null}},{"start":{"line":58,"column":9},"end":{"line":61,"column":null}}],"line":57},"3":{"loc":{"start":{"line":38,"column":13},"end":{"line":38,"column":29}},"type":"binary-expr","locations":[{"start":{"line":38,"column":13},"end":{"line":38,"column":29}},{"start":{"line":38,"column":13},"end":{"line":38,"column":29}}],"line":38},"4":{"loc":{"start":{"line":38,"column":29},"end":{"line":34,"column":null}},"type":"if","locations":[{"start":{"line":38,"column":29},"end":{"line":34,"column":null}},{"start":{},"end":{}}],"line":38},"5":{"loc":{"start":{"line":16,"column":34},"end":{"line":16,"column":65}},"type":"binary-expr","locations":[{"start":{"line":16,"column":34},"end":{"line":16,"column":65}},{"start":{"line":16,"column":34},"end":{"line":16,"column":65}}],"line":16},"6":{"loc":{"start":{"line":38,"column":13},"end":{"line":37,"column":null}},"type":"binary-expr","locations":[{"start":{"line":38,"column":13},"end":{"line":38,"column":29}},{"start":{"line":38,"column":13},"end":{"line":38,"column":29}},{"start":{"line":38,"column":13},"end":{"line":37,"column":null}}],"line":38},"7":{"loc":{"start":{"line":38,"column":13},"end":{"line":38,"column":null}},"type":"binary-expr","locations":[{"start":{"line":38,"column":13},"end":{"line":38,"column":29}},{"start":{"line":38,"column":13},"end":{"line":38,"column":29}},{"start":{"line":38,"column":13},"end":{"line":38,"column":null}}],"line":38}},"s":{"0":4,"1":2,"2":1,"3":2,"4":1,"5":1,"6":1,"7":2,"8":1,"9":1,"10":1,"11":1,"12":2,"13":1,"14":1,"15":1,"16":1,"17":2,"18":1,"19":1,"20":1,"21":1,"22":2,"23":1,"24":1,"25":1,"26":1,"27":4,"28":2,"29":1,"30":1,"31":5,"32":5,"33":5,"34":5,"35":5,"36":4,"37":2,"38":2,"39":2,"40":1,"41":1,"42":2,"43":1,"44":1,"45":1,"46":2,"47":2,"48":2,"49":2,"50":1,"51":8,"52":4,"53":4,"54":4,"55":4,"56":4,"57":4,"58":4,"59":4,"60":4,"61":0,"62":4,"63":4,"64":4,"65":4,"66":4,"67":4,"68":4,"69":4,"70":4,"71":4,"72":4,"73":4,"74":1},"f":{"0":4,"1":2,"2":2,"3":2,"4":2,"5":2,"6":2,"7":5,"8":0,"9":0},"b":{"0":[2,0],"1":[1,1],"2":[1,1],"3":[4,4],"4":[4,4],"5":[0,0],"6":[1,1,1],"7":[1,1,1]},"meta":{"lastBranch":8,"lastFunction":10,"lastStatement":75,"seen":{"s:18:10:18:32":0,"s:18:59:18:70":1,"s:18:70:18:Infinity":2,"s:18:44:18:59":3,"s:22:6:23:19":4,"s:23:19:23:23":5,"s:23:23:23:33":6,"s:23:33:23:50":7,"s:23:50:23:Infinity":8,"s:24:8:24:19":9,"s:24:19:24:25":10,"s:24:25:24:35":11,"s:24:35:24:54":12,"s:24:54:24:Infinity":13,"s:25:8:25:19":14,"s:25:19:25:23":15,"s:25:23:25:33":16,"s:25:33:25:56":17,"s:25:56:25:Infinity":18,"s:26:8:26:19":19,"s:26:19:26:35":20,"s:26:35:26:45":21,"s:26:45:26:73":22,"s:26:73:26:Infinity":23,"s:29:6:29:11":24,"s:29:40:29:67":25,"s:29:67:29:Infinity":26,"s:31:8:31:26":27,"s:32:10:32:Infinity":28,"s:33:8:33:Infinity":29,"s:38:6:10:Infinity":30,"s:39:27:39:Infinity":31,"s:40:39:40:Infinity":32,"s:41:22:41:Infinity":33,"s:42:21:42:Infinity":34,"s:38:13:10:Infinity":35,"f:44:2:44:31":0,"s:44:31:44:65":36,"f:46:2:46:10":1,"s:47:4:53:Infinity":37,"f:47:57:47:58":2,"s:48:6:48:Infinity":38,"b:48:21:48:32:48:32:48:Infinity":0,"b:49:6:52:Infinity:undefined:undefined:undefined:undefined":1,"s:49:6:52:Infinity":39,"s:50:8:50:Infinity":40,"s:51:8:51:Infinity":41,"f:56:2:56:16":3,"b:57:4:61:Infinity:58:9:61:Infinity":2,"s:57:4:61:Infinity":42,"s:57:31:57:Infinity":43,"s:59:6:59:Infinity":44,"s:60:6:60:Infinity":45,"f:64:10:64:24":4,"s:65:4:65:Infinity":46,"f:65:68:65:69":5,"s:65:82:65:105":47,"s:66:4:66:Infinity":48,"f:66:76:66:77":6,"s:66:95:66:128":49,"s:38:13:38:Infinity":50,"b:38:13:38:29:38:13:38:29":3,"f:38:29:38:Infinity":7,"b:38:29:34:Infinity:undefined:undefined:undefined:undefined":4,"s:38:29:34:Infinity":51,"s:12:4:12:Infinity":52,"s:13:10:13:32":53,"s:13:32:13:Infinity":54,"s:14:6:14:Infinity":55,"s:15:34:15:56":56,"s:15:56:15:Infinity":57,"s:16:8:16:34":58,"s:16:34:16:65":59,"f:16:34:16:65":8,"b:16:34:16:65:16:34:16:65":5,"s:16:65:16:Infinity":60,"f:16:65:16:75":9,"s:16:65:16:91":61,"s:17:10:17:27":62,"s:17:27:17:40":63,"s:17:40:17:Infinity":64,"s:19:8:19:Infinity":65,"s:20:6:20:Infinity":66,"s:22:6:22:Infinity":67,"s:30:6:30:Infinity":68,"s:34:6:34:Infinity":69,"s:18:32:18:44":70,"s:22:12:22:27":71,"s:29:11:29:40":72,"s:31:26:31:Infinity":73,"s:38:13:37:Infinity":74,"b:38:13:38:29:38:13:38:29:38:13:37:Infinity":6,"b:38:13:38:29:38:13:38:29:38:13:38:Infinity":7},"fnNames":{}}}
,"/home/runner/work/EDC_B3/EDC_B3/frontend/src/app/services/appointment-api.service.ts": {"path":"/home/runner/work/EDC_B3/EDC_B3/frontend/src/app/services/appointment-api.service.ts","statementMap":{"0":{"start":{"line":15,"column":6},"end":{"line":13,"column":null}},"1":{"start":{"line":16,"column":29},"end":{"line":16,"column":null}},"2":{"start":{"line":15,"column":13},"end":{"line":13,"column":null}},"3":{"start":{"line":18,"column":31},"end":{"line":18,"column":47}},"4":{"start":{"line":21,"column":17},"end":{"line":21,"column":null}},"5":{"start":{"line":23,"column":4},"end":{"line":25,"column":null}},"6":{"start":{"line":24,"column":6},"end":{"line":24,"column":null}},"7":{"start":{"line":27,"column":4},"end":{"line":29,"column":null}},"8":{"start":{"line":28,"column":6},"end":{"line":28,"column":null}},"9":{"start":{"line":31,"column":4},"end":{"line":33,"column":null}},"10":{"start":{"line":32,"column":6},"end":{"line":32,"column":null}},"11":{"start":{"line":35,"column":4},"end":{"line":35,"column":null}},"12":{"start":{"line":39,"column":4},"end":{"line":39,"column":null}},"13":{"start":{"line":43,"column":4},"end":{"line":43,"column":null}},"14":{"start":{"line":15,"column":13},"end":{"line":15,"column":null}},"15":{"start":{"line":15,"column":13},"end":{"line":14,"column":null}}},"fnMap":{"0":{"name":"constructor","decl":{"start":{"line":18,"column":2},"end":{"line":18,"column":31}},"loc":{"start":{"line":18,"column":47},"end":{"line":18,"column":null}},"line":18},"1":{"name":"getAppointments","decl":{"start":{"line":20,"column":2},"end":{"line":20,"column":18}},"loc":{"start":{"line":20,"column":46},"end":{"line":36,"column":null}},"line":20},"2":{"name":"createAppointment","decl":{"start":{"line":38,"column":2},"end":{"line":38,"column":20}},"loc":{"start":{"line":38,"column":53},"end":{"line":40,"column":null}},"line":38},"3":{"name":"updateAppointmentStatus","decl":{"start":{"line":42,"column":2},"end":{"line":42,"column":26}},"loc":{"start":{"line":42,"column":76},"end":{"line":44,"column":null}},"line":42}},"branchMap":{"0":{"loc":{"start":{"line":23,"column":4},"end":{"line":25,"column":null}},"type":"if","locations":[{"start":{"line":23,"column":4},"end":{"line":25,"column":null}},{"start":{},"end":{}}],"line":23},"1":{"loc":{"start":{"line":27,"column":4},"end":{"line":29,"column":null}},"type":"if","locations":[{"start":{"line":27,"column":4},"end":{"line":29,"column":null}},{"start":{},"end":{}}],"line":27},"2":{"loc":{"start":{"line":31,"column":4},"end":{"line":33,"column":null}},"type":"if","locations":[{"start":{"line":31,"column":4},"end":{"line":33,"column":null}},{"start":{},"end":{}}],"line":31},"3":{"loc":{"start":{"line":15,"column":13},"end":{"line":15,"column":34}},"type":"binary-expr","locations":[{"start":{"line":15,"column":13},"end":{"line":15,"column":34}},{"start":{"line":15,"column":13},"end":{"line":15,"column":34}}],"line":15},"4":{"loc":{"start":{"line":15,"column":13},"end":{"line":14,"column":null}},"type":"binary-expr","locations":[{"start":{"line":15,"column":13},"end":{"line":15,"column":34}},{"start":{"line":15,"column":13},"end":{"line":15,"column":34}},{"start":{"line":15,"column":13},"end":{"line":14,"column":null}}],"line":15}},"s":{"0":2,"1":6,"2":6,"3":4,"4":2,"5":2,"6":1,"7":2,"8":1,"9":2,"10":1,"11":2,"12":1,"13":1,"14":4,"15":2},"f":{"0":4,"1":2,"2":1,"3":1},"b":{"0":[1,1],"1":[1,1],"2":[1,1],"3":[4,4],"4":[2,2,2]},"meta":{"lastBranch":5,"lastFunction":4,"lastStatement":16,"seen":{"s:15:6:13:Infinity":0,"s:16:29:16:Infinity":1,"s:15:13:13:Infinity":2,"f:18:2:18:31":0,"s:18:31:18:47":3,"f:20:2:20:18":1,"s:21:17:21:Infinity":4,"b:23:4:25:Infinity:undefined:undefined:undefined:undefined":0,"s:23:4:25:Infinity":5,"s:24:6:24:Infinity":6,"b:27:4:29:Infinity:undefined:undefined:undefined:undefined":1,"s:27:4:29:Infinity":7,"s:28:6:28:Infinity":8,"b:31:4:33:Infinity:undefined:undefined:undefined:undefined":2,"s:31:4:33:Infinity":9,"s:32:6:32:Infinity":10,"s:35:4:35:Infinity":11,"f:38:2:38:20":2,"s:39:4:39:Infinity":12,"f:42:2:42:26":3,"s:43:4:43:Infinity":13,"s:15:13:15:Infinity":14,"b:15:13:15:34:15:13:15:34":3,"s:15:13:14:Infinity":15,"b:15:13:15:34:15:13:15:34:15:13:14:Infinity":4},"fnNames":{}}}
,"/home/runner/work/EDC_B3/EDC_B3/frontend/src/app/services/client-api.service.ts": {"path":"/home/runner/work/EDC_B3/EDC_B3/frontend/src/app/services/client-api.service.ts","statementMap":{"0":{"start":{"line":17,"column":6},"end":{"line":15,"column":null}},"1":{"start":{"line":18,"column":29},"end":{"line":18,"column":null}},"2":{"start":{"line":17,"column":13},"end":{"line":15,"column":null}},"3":{"start":{"line":20,"column":31},"end":{"line":20,"column":47}},"4":{"start":{"line":23,"column":4},"end":{"line":23,"column":null}},"5":{"start":{"line":27,"column":4},"end":{"line":27,"column":null}},"6":{"start":{"line":31,"column":4},"end":{"line":31,"column":null}},"7":{"start":{"line":35,"column":4},"end":{"line":35,"column":null}},"8":{"start":{"line":39,"column":4},"end":{"line":39,"column":null}},"9":{"start":{"line":17,"column":13},"end":{"line":17,"column":null}},"10":{"start":{"line":17,"column":13},"end":{"line":16,"column":null}}},"fnMap":{"0":{"name":"constructor","decl":{"start":{"line":20,"column":2},"end":{"line":20,"column":31}},"loc":{"start":{"line":20,"column":47},"end":{"line":20,"column":null}},"line":20},"1":{"name":"getClients","decl":{"start":{"line":22,"column":2},"end":{"line":22,"column":12}},"loc":{"start":{"line":22,"column":12},"end":{"line":24,"column":null}},"line":22},"2":{"name":"createClient","decl":{"start":{"line":26,"column":2},"end":{"line":26,"column":15}},"loc":{"start":{"line":26,"column":37},"end":{"line":28,"column":null}},"line":26},"3":{"name":"updateClient","decl":{"start":{"line":30,"column":2},"end":{"line":30,"column":15}},"loc":{"start":{"line":30,"column":55},"end":{"line":32,"column":null}},"line":30},"4":{"name":"getClientById","decl":{"start":{"line":34,"column":2},"end":{"line":34,"column":16}},"loc":{"start":{"line":34,"column":32},"end":{"line":36,"column":null}},"line":34},"5":{"name":"getClientTransactions","decl":{"start":{"line":38,"column":2},"end":{"line":38,"column":24}},"loc":{"start":{"line":38,"column":40},"end":{"line":40,"column":null}},"line":38}},"branchMap":{"0":{"loc":{"start":{"line":17,"column":13},"end":{"line":17,"column":29}},"type":"binary-expr","locations":[{"start":{"line":17,"column":13},"end":{"line":17,"column":29}},{"start":{"line":17,"column":13},"end":{"line":17,"column":29}}],"line":17},"1":{"loc":{"start":{"line":17,"column":13},"end":{"line":16,"column":null}},"type":"binary-expr","locations":[{"start":{"line":17,"column":13},"end":{"line":17,"column":29}},{"start":{"line":17,"column":13},"end":{"line":17,"column":29}},{"start":{"line":17,"column":13},"end":{"line":16,"column":null}}],"line":17}},"s":{"0":3,"1":5,"2":5,"3":2,"4":1,"5":5,"6":5,"7":5,"8":1,"9":2,"10":3},"f":{"0":2,"1":1,"2":5,"3":5,"4":5,"5":1},"b":{"0":[2,2],"1":[3,3,3]},"meta":{"lastBranch":2,"lastFunction":6,"lastStatement":11,"seen":{"s:17:6:15:Infinity":0,"s:18:29:18:Infinity":1,"s:17:13:15:Infinity":2,"f:20:2:20:31":0,"s:20:31:20:47":3,"f:22:2:22:12":1,"s:23:4:23:Infinity":4,"f:26:2:26:15":2,"s:27:4:27:Infinity":5,"f:30:2:30:15":3,"s:31:4:31:Infinity":6,"f:34:2:34:16":4,"s:35:4:35:Infinity":7,"f:38:2:38:24":5,"s:39:4:39:Infinity":8,"s:17:13:17:Infinity":9,"b:17:13:17:29:17:13:17:29":0,"s:17:13:16:Infinity":10,"b:17:13:17:29:17:13:17:29:17:13:16:Infinity":1},"fnNames":{}}}
}
